A vector:
---------------------------------------------------------------------------------------------------
| 1038 |  365 |  216 |  780 | 1101 |  584 |  841 |  651 |  345 |  471 |  921 |   52 |  415 |  156 |
|  768 |  372 | 1178 |  345 |  949 |  840 |  838 |  601 |  404 |  566 |  726 |  679 | 1091 | 1134 |
|  600 |  718 | 1081 |  403 | 1062 | 1076 |  962 |  729 |  425 |  368 | 1159 |  549 |  818 |  846 |
|  380 | 1212 |  781 |  928 |  349 |  724 |   38 | 1078 |  130 |  855 |  244 |  513 |  186 |  749 |
| 1172 | 1057 |  648 |  337 |  540 |  294 |  519 |  167 | 1149 |  246 |  675 |  340 |  593 |  600 |
|  868 | 1190 | 1225 | 1028 |  967 |  771 |  721 | 1096 |  261 |  738 |  739 |  170 |  158 |  962 |
|  462 |  124 |  477 |  199 | 1160 |  904 |  515 |  465 |  978 |  813 |  411 |  892 |  838 | 1066 |
| 1011 | 1210 |  431 |  445 | 1165 |  421 |  238 |  698 |  971 |  938 |  559 | 1011 |  241 |   63 |
| 1160 |  378 |  804 |  388 |  281 |   46 |  566 |  206 |  730 |  861 |  450 |  473 |  439 |  841 |
| 1144 |   43 |  672 |  921 | 1232 | 1082 |  131 |  963 |   68 |  148 |  226 | 1018 | 1065 |  564 |
|  795 | 1085 |  606 |  520 |  228 | 1189 |  687 |  489 | 1015 | 1233 |  474 |  510 |  659 |  904 |
|  762 | 1077 |  510 |  471 |  899 | 1161 |  157 |  697 |  808 |   67 |  225 |  855 |  194 |  430 |
|  438 | 1038 |  973 | 1012 |  888 |  144 |   98 |  896 | 1112 |  764 | 1164 |  892 |  562 |  403 |
|  167 | 1200 | 1086 |  708 |  843 |  361 | 1159 |  307 |   87 | 1095 |  783 |  874 |  942 |  787 |
|  294 | 1115 | 1196 |  512 |  919 |  734 |   89 |  372 |  657 |  166 |   33 |  535 |  910 |  976 |
|  192 |   37 |  145 |  139 | 1017 | 1010 |  626 |  625 |  137 |  550 |  711 |  203 |  211 |  260 |
|  857 | 1132 | 1026 | 1130 |  812 |  788 |  207 |  296 |   87 |  276 |  648 |  524 |  421 |  460 |
| 1038 | 1110 |  202 | 1009 | 1127 |  126 | 1127 |  909 | 1115 |  519 |   99 | 1031 |      |      |
---------------------------------------------------------------------------------------------------
A vector sorted:
---------------------------------------------------------------------------------------------------
|   33 |   37 |   38 |   43 |   46 |   52 |   63 |   67 |   68 |   87 |   87 |   89 |   98 |   99 |
|  124 |  126 |  130 |  131 |  137 |  139 |  144 |  145 |  148 |  156 |  157 |  158 |  166 |  167 |
|  167 |  170 |  186 |  192 |  194 |  199 |  202 |  203 |  206 |  207 |  211 |  216 |  225 |  226 |
|  228 |  238 |  241 |  244 |  246 |  260 |  261 |  276 |  281 |  294 |  294 |  296 |  307 |  337 |
|  340 |  345 |  345 |  349 |  361 |  365 |  368 |  372 |  372 |  378 |  380 |  388 |  403 |  403 |
|  404 |  411 |  415 |  421 |  421 |  425 |  430 |  431 |  438 |  439 |  445 |  450 |  460 |  462 |
|  465 |  471 |  471 |  473 |  474 |  477 |  489 |  510 |  510 |  512 |  513 |  515 |  519 |  519 |
|  520 |  524 |  535 |  540 |  549 |  550 |  559 |  562 |  564 |  566 |  566 |  584 |  593 |  600 |
|  600 |  601 |  606 |  625 |  626 |  648 |  648 |  651 |  657 |  659 |  672 |  675 |  679 |  687 |
|  697 |  698 |  708 |  711 |  718 |  721 |  724 |  726 |  729 |  730 |  734 |  738 |  739 |  749 |
|  762 |  764 |  768 |  771 |  780 |  781 |  783 |  787 |  788 |  795 |  804 |  808 |  812 |  813 |
|  818 |  838 |  838 |  840 |  841 |  841 |  843 |  846 |  855 |  855 |  857 |  861 |  868 |  874 |
|  888 |  892 |  892 |  896 |  899 |  904 |  904 |  909 |  910 |  919 |  921 |  921 |  928 |  938 |
|  942 |  949 |  962 |  962 |  963 |  967 |  971 |  973 |  976 |  978 | 1009 | 1010 | 1011 | 1011 |
| 1012 | 1015 | 1017 | 1018 | 1026 | 1028 | 1031 | 1038 | 1038 | 1038 | 1057 | 1062 | 1065 | 1066 |
| 1076 | 1077 | 1078 | 1081 | 1082 | 1085 | 1086 | 1091 | 1095 | 1096 | 1101 | 1110 | 1112 | 1115 |
| 1115 | 1127 | 1127 | 1130 | 1132 | 1134 | 1144 | 1149 | 1159 | 1159 | 1160 | 1160 | 1161 | 1164 |
| 1165 | 1172 | 1178 | 1189 | 1190 | 1196 | 1200 | 1210 | 1212 | 1225 | 1232 | 1233 |      |      |
---------------------------------------------------------------------------------------------------
B vector:
---------------------------------------------------------------------------------------------------
|  498 |  218 |  778 |  194 |   86 |  158 | 1111 |  114 |  229 |  360 | 1218 |  798 |  848 | 1061 |
|   38 |  791 |  831 |  369 | 1063 | 1083 |  565 | 1034 |  619 |  345 |  726 | 1075 | 1226 |  661 |
|  648 |  489 | 1064 | 1125 |  687 |  607 |   85 |  752 |  544 |  975 |  846 |  753 |  100 |  629 |
|  316 |  727 |  255 |  134 |  283 | 1066 |  282 | 1125 |  914 |  626 |  925 |  298 |  950 |  416 |
| 1152 |  941 |  857 |  566 | 1209 |  686 |  456 |  661 | 1073 |  320 | 1193 |  382 | 1074 |  604 |
|  914 |  954 | 1012 | 1010 |  446 |   32 |  923 |  509 |  877 | 1184 |  399 |  556 |  375 | 1103 |
|  633 |   90 |  285 |  351 |  810 |  921 |  896 |  784 |  372 | 1131 | 1225 | 1224 |  217 |  983 |
|  372 |      |      |      |      |      |      |      |      |      |      |      |      |      |
---------------------------------------------------------------------------------------------------
Linear Search: Percent of Successful Searches = 20.20%
Binary Search: Percent of Successful Searches = 20.20%
