A vector:
-------------------------------------------------------------------------------------------------
| 899 | 804 | 767 | 994 |   3 | 523 | 222 | 382 | 731 | 971 | 186 | 889 | 106 | 643 | 911 | 380 |
| 726 | 584 | 389 | 585 | 243 | 296 | 161 | 200 | 655 | 371 | 420 | 694 |  38 | 903 | 518 | 625 |
| 705 | 973 | 306 | 396 | 493 | 527 | 466 | 221 | 185 | 650 | 798 | 289 | 981 | 397 | 358 | 704 |
| 669 | 745 | 978 | 910 | 730 | 136 | 108 | 382 | 195 | 216 |  73 | 922 | 116 | 589 | 545 | 819 |
| 250 | 539 | 903 | 741 | 754 | 366 | 651 | 628 | 704 | 446 | 915 | 683 | 531 | 961 |  74 | 198 |
| 394 | 740 | 105 | 121 | 874 | 902 | 191 |  67 | 115 | 262 | 987 | 230 | 539 | 219 | 737 | 787 |
| 447 | 638 | 216 | 198 | 692 | 555 | 824 | 394 | 689 | 427 | 765 | 218 |  75 | 527 | 414 | 157 |
| 265 | 207 | 967 | 827 | 107 | 155 | 582 | 220 | 105 | 257 | 138 | 643 | 474 | 874 | 117 | 609 |
| 199 |  21 | 496 | 579 | 574 |   7 | 661 | 261 | 122 | 423 | 167 | 196 | 639 | 579 |  41 | 902 |
| 474 |   6 | 726 | 579 | 159 | 306 | 488 | 263 | 251 | 314 | 594 | 413 | 876 | 399 |  20 |  72 |
| 419 | 514 | 340 | 681 | 519 | 999 | 940 | 330 | 420 | 795 | 524 | 747 |  61 | 563 | 646 | 534 |
| 257 |  59 | 110 | 415 |  53 | 286 | 366 | 302 | 599 | 648 | 714 | 472 |  44 | 732 | 233 | 461 |
| 934 | 571 | 831 | 140 | 567 | 768 | 468 | 675 |     |     |     |     |     |     |     |     |
-------------------------------------------------------------------------------------------------
A vector sorted:
-------------------------------------------------------------------------------------------------
|   3 |   6 |   7 |  20 |  21 |  38 |  41 |  44 |  53 |  59 |  61 |  67 |  72 |  73 |  74 |  75 |
| 105 | 105 | 106 | 107 | 108 | 110 | 115 | 116 | 117 | 121 | 122 | 136 | 138 | 140 | 155 | 157 |
| 159 | 161 | 167 | 185 | 186 | 191 | 195 | 196 | 198 | 198 | 199 | 200 | 207 | 216 | 216 | 218 |
| 219 | 220 | 221 | 222 | 230 | 233 | 243 | 250 | 251 | 257 | 257 | 261 | 262 | 263 | 265 | 286 |
| 289 | 296 | 302 | 306 | 306 | 314 | 330 | 340 | 358 | 366 | 366 | 371 | 380 | 382 | 382 | 389 |
| 394 | 394 | 396 | 397 | 399 | 413 | 414 | 415 | 419 | 420 | 420 | 423 | 427 | 446 | 447 | 461 |
| 466 | 468 | 472 | 474 | 474 | 488 | 493 | 496 | 514 | 518 | 519 | 523 | 524 | 527 | 527 | 531 |
| 534 | 539 | 539 | 545 | 555 | 563 | 567 | 571 | 574 | 579 | 579 | 579 | 582 | 584 | 585 | 589 |
| 594 | 599 | 609 | 625 | 628 | 638 | 639 | 643 | 643 | 646 | 648 | 650 | 651 | 655 | 661 | 669 |
| 675 | 681 | 683 | 689 | 692 | 694 | 704 | 704 | 705 | 714 | 726 | 726 | 730 | 731 | 732 | 737 |
| 740 | 741 | 745 | 747 | 754 | 765 | 767 | 768 | 787 | 795 | 798 | 804 | 819 | 824 | 827 | 831 |
| 874 | 874 | 876 | 889 | 899 | 902 | 902 | 903 | 903 | 910 | 911 | 915 | 922 | 934 | 940 | 961 |
| 967 | 971 | 973 | 978 | 981 | 987 | 994 | 999 |     |     |     |     |     |     |     |     |
-------------------------------------------------------------------------------------------------
B vector:
-------------------------------------------------------------------------------------------------
| 398 | 322 | 856 |  44 | 918 | 338 |  59 | 350 | 864 | 112 | 254 | 825 | 122 | 403 | 531 | 706 |
| 820 | 452 | 774 | 480 | 279 | 834 | 253 | 652 | 931 | 570 | 383 | 609 | 646 | 984 | 546 |  41 |
| 995 |  89 | 774 | 910 | 426 | 831 | 949 | 978 | 631 | 200 | 800 | 751 | 602 |  19 | 145 | 419 |
| 469 | 917 | 587 | 436 | 748 | 838 |  86 | 676 |  95 | 157 | 973 | 739 | 829 | 517 | 469 | 821 |
| 294 | 240 | 729 | 718 | 760 | 675 | 693 | 388 | 563 | 181 | 137 | 162 | 198 | 280 | 269 | 355 |
| 194 | 544 | 790 | 940 | 380 | 564 | 303 | 473 | 719 | 274 | 901 | 545 | 479 | 367 | 364 | 771 |
| 605 | 781 | 487 |  52 |     |     |     |     |     |     |     |     |     |     |     |     |
-------------------------------------------------------------------------------------------------
Linear Search: Percent of Successful Searches = 20.00%
Binary Search: Percent of Successful Searches = 20.00%
